  GameWorld.cpp
c:\users\reed\documents\coding\cpe471\projects\project04final\src\MatrixTransform.h(46): warning C4244: 'argument': conversion from 'double' to 'const float', possible loss of data
c:\users\reed\documents\coding\cpe471\projects\project04final\src\Camera.h(67): warning C4244: 'initializing': conversion from 'double' to 'float', possible loss of data
c:\users\reed\documents\coding\cpe471\projects\project04final\src\Camera.h(68): warning C4244: 'initializing': conversion from 'double' to 'float', possible loss of data
src\GameWorld.cpp(10): warning C4244: 'argument': conversion from 'time_t' to 'unsigned int', possible loss of data
  GameObject.cpp
c:\users\reed\documents\coding\cpe471\projects\project04final\src\MatrixTransform.h(46): warning C4244: 'argument': conversion from 'double' to 'const float', possible loss of data
c:\users\reed\documents\coding\cpe471\projects\project04final\src\Camera.h(67): warning C4244: 'initializing': conversion from 'double' to 'float', possible loss of data
c:\users\reed\documents\coding\cpe471\projects\project04final\src\Camera.h(68): warning C4244: 'initializing': conversion from 'double' to 'float', possible loss of data
src\GameObject.cpp(87): warning C4244: 'argument': conversion from 'double' to 'float', possible loss of data
src\GameObject.cpp(90): warning C4244: 'argument': conversion from 'double' to 'float', possible loss of data
  BunnyPhysicsComponent.cpp
c:\users\reed\documents\coding\cpe471\projects\project04final\src\Camera.h(67): warning C4244: 'initializing': conversion from 'double' to 'float', possible loss of data
c:\users\reed\documents\coding\cpe471\projects\project04final\src\Camera.h(68): warning C4244: 'initializing': conversion from 'double' to 'float', possible loss of data
c:\users\reed\documents\coding\cpe471\projects\project04final\src\MatrixTransform.h(46): warning C4244: 'argument': conversion from 'double' to 'const float', possible loss of data
  Generating Code...
  Compiling...
  main.cpp
c:\users\reed\documents\coding\cpe471\projects\project04final\src\MatrixTransform.h(46): warning C4244: 'argument': conversion from 'double' to 'const float', possible loss of data
c:\users\reed\documents\coding\cpe471\projects\project04final\src\Camera.h(67): warning C4244: 'initializing': conversion from 'double' to 'float', possible loss of data
c:\users\reed\documents\coding\cpe471\projects\project04final\src\Camera.h(68): warning C4244: 'initializing': conversion from 'double' to 'float', possible loss of data
src\main.cpp(56): warning C4244: '=': conversion from 'double' to 'float', possible loss of data
src\main.cpp(57): warning C4244: '=': conversion from 'double' to 'float', possible loss of data
src\main.cpp(171): warning C4305: 'argument': truncation from 'double' to 'const float'
src\main.cpp(184): warning C4305: 'argument': truncation from 'double' to 'const float'
src\main.cpp(197): warning C4305: 'argument': truncation from 'double' to 'const float'
src\main.cpp(210): warning C4305: 'argument': truncation from 'double' to 'const float'
src\main.cpp(223): warning C4305: 'argument': truncation from 'double' to 'const float'
src\main.cpp(315): warning C4244: 'argument': conversion from 'double' to 'float', possible loss of data
  WallRenderComponent.cpp
c:\users\reed\documents\coding\cpe471\projects\project04final\src\MatrixTransform.h(46): warning C4244: 'argument': conversion from 'double' to 'const float', possible loss of data
  GameManager.cpp
c:\users\reed\documents\coding\cpe471\projects\project04final\src\Camera.h(67): warning C4244: 'initializing': conversion from 'double' to 'float', possible loss of data
c:\users\reed\documents\coding\cpe471\projects\project04final\src\Camera.h(68): warning C4244: 'initializing': conversion from 'double' to 'float', possible loss of data
c:\users\reed\documents\coding\cpe471\projects\project04final\src\MatrixTransform.h(46): warning C4244: 'argument': conversion from 'double' to 'const float', possible loss of data
  GLFWHelper.cpp
c:\users\reed\documents\coding\cpe471\projects\project04final\src\Camera.h(67): warning C4244: 'initializing': conversion from 'double' to 'float', possible loss of data
c:\users\reed\documents\coding\cpe471\projects\project04final\src\Camera.h(68): warning C4244: 'initializing': conversion from 'double' to 'float', possible loss of data
c:\users\reed\documents\coding\cpe471\projects\project04final\src\MatrixTransform.h(46): warning C4244: 'argument': conversion from 'double' to 'const float', possible loss of data
src\GLFWHelper.cpp(21): warning C4244: 'initializing': conversion from 'double' to 'float', possible loss of data
src\GLFWHelper.cpp(22): warning C4244: 'initializing': conversion from 'double' to 'float', possible loss of data
src\GLFWHelper.cpp(24): warning C4244: '=': conversion from 'double' to 'float', possible loss of data
src\GLFWHelper.cpp(25): warning C4244: '=': conversion from 'double' to 'float', possible loss of data
  Component.cpp
c:\users\reed\documents\coding\cpe471\projects\project04final\src\MatrixTransform.h(46): warning C4244: 'argument': conversion from 'double' to 'const float', possible loss of data
  BunnyRenderComponent.cpp
c:\users\reed\documents\coding\cpe471\projects\project04final\src\MatrixTransform.h(46): warning C4244: 'argument': conversion from 'double' to 'const float', possible loss of data
  Generating Code...
c:\users\reed\documents\coding\cpe471\projects\project04final\src\glfwhelper.cpp(99): warning C4715: 'initializeGLFW': not all control paths return a value
  vs-Project4-471-GameSetup.vcxproj -> C:\Users\Reed\Documents\coding\cpe471\projects\project04final\Debug\vs-Project4-471-GameSetup.exe
  vs-Project4-471-GameSetup.vcxproj -> C:\Users\Reed\Documents\coding\cpe471\projects\project04final\Debug\vs-Project4-471-GameSetup.pdb (Full PDB)
