c:\users\reed\documents\coding\cpe471\projects\project04final\debug\vc140.pdb
c:\users\reed\documents\coding\cpe471\projects\project04final\debug\vc140.idb
c:\users\reed\documents\coding\cpe471\projects\project04final\debug\boundingbox.obj
c:\users\reed\documents\coding\cpe471\projects\project04final\debug\bunnyphysicscomponent.obj
c:\users\reed\documents\coding\cpe471\projects\project04final\debug\bunnyrendercomponent.obj
c:\users\reed\documents\coding\cpe471\projects\project04final\debug\camera.obj
c:\users\reed\documents\coding\cpe471\projects\project04final\debug\component.obj
c:\users\reed\documents\coding\cpe471\projects\project04final\debug\gamemanager.obj
c:\users\reed\documents\coding\cpe471\projects\project04final\debug\gameobject.obj
c:\users\reed\documents\coding\cpe471\projects\project04final\debug\gameworld.obj
c:\users\reed\documents\coding\cpe471\projects\project04final\debug\glfwhelper.obj
c:\users\reed\documents\coding\cpe471\projects\project04final\debug\glsl.obj
c:\users\reed\documents\coding\cpe471\projects\project04final\debug\main.obj
c:\users\reed\documents\coding\cpe471\projects\project04final\debug\matrixstack.obj
c:\users\reed\documents\coding\cpe471\projects\project04final\debug\matrixtransform.obj
c:\users\reed\documents\coding\cpe471\projects\project04final\debug\program.obj
c:\users\reed\documents\coding\cpe471\projects\project04final\debug\shape.obj
c:\users\reed\documents\coding\cpe471\projects\project04final\debug\wallrendercomponent.obj
c:\users\reed\documents\coding\cpe471\projects\project04final\debug\vs-project4-471-gamesetup.ilk
c:\users\reed\documents\coding\cpe471\projects\project04final\debug\vs-project4-471-gamesetup.exe
c:\users\reed\documents\coding\cpe471\projects\project04final\debug\vs-project4-471-gamesetup.pdb
c:\users\reed\documents\coding\cpe471\projects\project04final\debug\vs-proje.fd8f6ad0.tlog\cl.command.1.tlog
c:\users\reed\documents\coding\cpe471\projects\project04final\debug\vs-proje.fd8f6ad0.tlog\cl.read.1.tlog
c:\users\reed\documents\coding\cpe471\projects\project04final\debug\vs-proje.fd8f6ad0.tlog\cl.write.1.tlog
c:\users\reed\documents\coding\cpe471\projects\project04final\debug\vs-proje.fd8f6ad0.tlog\link.command.1.tlog
c:\users\reed\documents\coding\cpe471\projects\project04final\debug\vs-proje.fd8f6ad0.tlog\link.read.1.tlog
c:\users\reed\documents\coding\cpe471\projects\project04final\debug\vs-proje.fd8f6ad0.tlog\link.write.1.tlog
