  BoundingBox.cpp
c:\users\reed\documents\coding\cpe471\projects\project04final\src\BoundingBox.h(5): fatal error C1083: Cannot open include file: 'Eigen/Dense': No such file or directory
  BunnyPhysicsComponent.cpp
c:\users\reed\documents\coding\cpe471\projects\project04final\src\Camera.h(8): fatal error C1083: Cannot open include file: 'Eigen/Dense': No such file or directory
  BunnyRenderComponent.cpp
c:\users\reed\documents\coding\cpe471\projects\project04final\src\Shape.h(9): fatal error C1083: Cannot open include file: 'Eigen/Dense': No such file or directory
  Camera.cpp
c:\users\reed\documents\coding\cpe471\projects\project04final\src\Camera.h(8): fatal error C1083: Cannot open include file: 'Eigen/Dense': No such file or directory
  Component.cpp
c:\users\reed\documents\coding\cpe471\projects\project04final\src\GLSL.h(12): fatal error C1083: Cannot open include file: 'GL/glew.h': No such file or directory
  GameManager.cpp
c:\users\reed\documents\coding\cpe471\projects\project04final\src\Camera.h(8): fatal error C1083: Cannot open include file: 'Eigen/Dense': No such file or directory
  GameObject.cpp
c:\users\reed\documents\coding\cpe471\projects\project04final\src\GLSL.h(12): fatal error C1083: Cannot open include file: 'GL/glew.h': No such file or directory
  GameWorld.cpp
c:\users\reed\documents\coding\cpe471\projects\project04final\src\GLSL.h(12): fatal error C1083: Cannot open include file: 'GL/glew.h': No such file or directory
  GLFWHelper.cpp
c:\users\reed\documents\coding\cpe471\projects\project04final\src\Camera.h(8): fatal error C1083: Cannot open include file: 'Eigen/Dense': No such file or directory
  GLSL.cpp
c:\users\reed\documents\coding\cpe471\projects\project04final\src\GLSL.h(12): fatal error C1083: Cannot open include file: 'GL/glew.h': No such file or directory
  main.cpp
c:\users\reed\documents\coding\cpe471\projects\project04final\src\ShaderHelper.h(7): fatal error C1083: Cannot open include file: 'GL/glew.h': No such file or directory
  MatrixStack.cpp
c:\users\reed\documents\coding\cpe471\projects\project04final\src\MatrixStack.h(11): fatal error C1083: Cannot open include file: 'Eigen/Dense': No such file or directory
  MatrixTransform.cpp
  Program.cpp
c:\users\reed\documents\coding\cpe471\projects\project04final\src\Program.h(9): fatal error C1083: Cannot open include file: 'GL/glew.h': No such file or directory
  Shape.cpp
c:\users\reed\documents\coding\cpe471\projects\project04final\src\Shape.h(9): fatal error C1083: Cannot open include file: 'Eigen/Dense': No such file or directory
  WallRenderComponent.cpp
c:\users\reed\documents\coding\cpe471\projects\project04final\src\Shape.h(9): fatal error C1083: Cannot open include file: 'Eigen/Dense': No such file or directory
  Generating Code...
